li[34mTest run started[0m
liTest scala.scalanative.junit.[33mAssertEqualsDoubleTest[0m.[36mfailsWithDouble[0m started
leTest scala.scalanative.junit.[33mAssertEqualsDoubleTest[0m.[31mfailsWithDouble[0m failed: java.lang.[31mAssertionError[0m: Use assertEquals(expected, actual, delta) to compare floating-point numbers, took <TIME>
e2scala.scalanative.junit.AssertEqualsDoubleTest.failsWithDouble
ldTest scala.scalanative.junit.[33mAssertEqualsDoubleTest[0m.[36mfailsWithDouble[0m finished, took <TIME>
liTest scala.scalanative.junit.[33mAssertEqualsDoubleTest[0m.[36mfailsWithDoubleMessage[0m started
leTest scala.scalanative.junit.[33mAssertEqualsDoubleTest[0m.[31mfailsWithDoubleMessage[0m failed: java.lang.[31mAssertionError[0m: Use assertEquals(expected, actual, delta) to compare floating-point numbers, took <TIME>
e2scala.scalanative.junit.AssertEqualsDoubleTest.failsWithDoubleMessage
ldTest scala.scalanative.junit.[33mAssertEqualsDoubleTest[0m.[36mfailsWithDoubleMessage[0m finished, took <TIME>
liTest scala.scalanative.junit.[33mAssertEqualsDoubleTest[0m.[36mworksWithByte[0m started
ldTest scala.scalanative.junit.[33mAssertEqualsDoubleTest[0m.[36mworksWithByte[0m finished, took <TIME>
e0scala.scalanative.junit.AssertEqualsDoubleTest.worksWithByte
liTest scala.scalanative.junit.[33mAssertEqualsDoubleTest[0m.[36mworksWithEpsilon[0m started
ldTest scala.scalanative.junit.[33mAssertEqualsDoubleTest[0m.[36mworksWithEpsilon[0m finished, took <TIME>
e0scala.scalanative.junit.AssertEqualsDoubleTest.worksWithEpsilon
liTest scala.scalanative.junit.[33mAssertEqualsDoubleTest[0m.[36mworksWithInt[0m started
ldTest scala.scalanative.junit.[33mAssertEqualsDoubleTest[0m.[36mworksWithInt[0m finished, took <TIME>
e0scala.scalanative.junit.AssertEqualsDoubleTest.worksWithInt
liTest scala.scalanative.junit.[33mAssertEqualsDoubleTest[0m.[36mworksWithShort[0m started
ldTest scala.scalanative.junit.[33mAssertEqualsDoubleTest[0m.[36mworksWithShort[0m finished, took <TIME>
e0scala.scalanative.junit.AssertEqualsDoubleTest.worksWithShort
li[34mTest run finished: [0m[31m2 failed[0m[34m, [0m[34m0 ignored[0m[34m, 6 total, <TIME>[0m
d
